This is pdfTeX, Version 3.14159265-2.6-1.40.16 (TeX Live 2015) (preloaded format=pdflatex 2015.5.24)  9 FEB 2016 19:45
entering extended mode
 restricted \write18 enabled.
 file:line:error style messages enabled.
 %&-line parsing enabled.
**LAB_B1.tex
(./LAB_B1.tex
LaTeX2e <2015/01/01>
Babel <3.9l> and hyphenation patterns for 79 languages loaded.
(/usr/local/texlive/2015/texmf-dist/tex/latex/base/article.cls
Document Class: article 2014/09/29 v1.4h Standard LaTeX document class
(/usr/local/texlive/2015/texmf-dist/tex/latex/base/size10.clo
File: size10.clo 2014/09/29 v1.4h Standard LaTeX file (size option)
)
\c@part=\count79
\c@section=\count80
\c@subsection=\count81
\c@subsubsection=\count82
\c@paragraph=\count83
\c@subparagraph=\count84
\c@figure=\count85
\c@table=\count86
\abovecaptionskip=\skip41
\belowcaptionskip=\skip42
\bibindent=\dimen102
)
(/usr/local/texlive/2015/texmf-dist/tex/latex/graphics/graphicx.sty
Package: graphicx 2014/10/28 v1.0g Enhanced LaTeX Graphics (DPC,SPQR)

(/usr/local/texlive/2015/texmf-dist/tex/latex/graphics/keyval.sty
Package: keyval 2014/10/28 v1.15 key=value parser (DPC)
\KV@toks@=\toks14
)
(/usr/local/texlive/2015/texmf-dist/tex/latex/graphics/graphics.sty
Package: graphics 2014/10/28 v1.0p Standard LaTeX Graphics (DPC,SPQR)

(/usr/local/texlive/2015/texmf-dist/tex/latex/graphics/trig.sty
Package: trig 1999/03/16 v1.09 sin cos tan (DPC)
)
(/usr/local/texlive/2015/texmf-dist/tex/latex/latexconfig/graphics.cfg
File: graphics.cfg 2010/04/23 v1.9 graphics configuration of TeX Live
)
Package graphics Info: Driver file: pdftex.def on input line 94.

(/usr/local/texlive/2015/texmf-dist/tex/latex/pdftex-def/pdftex.def
File: pdftex.def 2011/05/27 v0.06d Graphics/color for pdfTeX

(/usr/local/texlive/2015/texmf-dist/tex/generic/oberdiek/infwarerr.sty
Package: infwarerr 2010/04/08 v1.3 Providing info/warning/error messages (HO)
)
(/usr/local/texlive/2015/texmf-dist/tex/generic/oberdiek/ltxcmds.sty
Package: ltxcmds 2011/11/09 v1.22 LaTeX kernel commands for general use (HO)
)
\Gread@gobject=\count87
))
\Gin@req@height=\dimen103
\Gin@req@width=\dimen104
)
(/usr/local/texlive/2015/texmf-dist/tex/latex/adjustbox/adjustbox.sty
Package: adjustbox 2012/05/21 v1.0 Adjusting TeX boxes (trim, clip, ...)

(/usr/local/texlive/2015/texmf-dist/tex/latex/xkeyval/xkeyval.sty
Package: xkeyval 2014/12/03 v2.7a package option processing (HA)

(/usr/local/texlive/2015/texmf-dist/tex/generic/xkeyval/xkeyval.tex
(/usr/local/texlive/2015/texmf-dist/tex/generic/xkeyval/xkvutils.tex
\XKV@toks=\toks15
\XKV@tempa@toks=\toks16
)
\XKV@depth=\count88
File: xkeyval.tex 2014/12/03 v2.7a key=value parser (HA)
))
(/usr/local/texlive/2015/texmf-dist/tex/latex/adjustbox/adjcalc.sty
Package: adjcalc 2012/05/16 v1.1 Provides advanced setlength with multiple back
-ends (calc, etex, pgfmath)
)
(/usr/local/texlive/2015/texmf-dist/tex/latex/adjustbox/trimclip.sty
Package: trimclip 2012/05/16 v1.0 Trim and clip general TeX material

(/usr/local/texlive/2015/texmf-dist/tex/latex/collectbox/collectbox.sty
Package: collectbox 2012/05/17 v0.4b Collect macro arguments as boxes
\collectedbox=\box26
)
\tc@llx=\dimen105
\tc@lly=\dimen106
\tc@urx=\dimen107
\tc@ury=\dimen108
Package trimclip Info: Using driver 'tc-pdftex.def'.

(/usr/local/texlive/2015/texmf-dist/tex/latex/adjustbox/tc-pdftex.def
File: tc-pdftex.def 2012/05/13 v1.0 Clipping driver for pdftex
))
\adjbox@Width=\dimen109
\adjbox@Height=\dimen110
\adjbox@Depth=\dimen111
\adjbox@Totalheight=\dimen112

(/usr/local/texlive/2015/texmf-dist/tex/latex/ifoddpage/ifoddpage.sty
Package: ifoddpage 2011/09/13 v1.0 Conditionals for odd/even page detection
\c@checkoddpage=\count89
)
(/usr/local/texlive/2015/texmf-dist/tex/latex/varwidth/varwidth.sty
Package: varwidth 2009/03/30 ver 0.92;  Variable-width minipages
\@vwid@box=\box27
\sift@deathcycles=\count90
\@vwid@loff=\dimen113
\@vwid@roff=\dimen114
))
(/usr/local/texlive/2015/texmf-dist/tex/latex/graphics/color.sty
Package: color 2014/10/28 v1.1a Standard LaTeX Color (DPC)

(/usr/local/texlive/2015/texmf-dist/tex/latex/latexconfig/color.cfg
File: color.cfg 2007/01/18 v1.5 color configuration of teTeX/TeXLive
)
Package color Info: Driver file: pdftex.def on input line 142.
)
(/usr/local/texlive/2015/texmf-dist/tex/latex/tools/enumerate.sty
Package: enumerate 2014/10/28 v3.00 enumerate extensions (DPC)
\@enLab=\toks17
)
(/usr/local/texlive/2015/texmf-dist/tex/latex/geometry/geometry.sty
Package: geometry 2010/09/12 v5.6 Page Geometry

(/usr/local/texlive/2015/texmf-dist/tex/generic/oberdiek/ifpdf.sty
Package: ifpdf 2011/01/30 v2.3 Provides the ifpdf switch (HO)
Package ifpdf Info: pdfTeX in PDF mode is detected.
)
(/usr/local/texlive/2015/texmf-dist/tex/generic/oberdiek/ifvtex.sty
Package: ifvtex 2010/03/01 v1.5 Detect VTeX and its facilities (HO)
Package ifvtex Info: VTeX not detected.
)
(/usr/local/texlive/2015/texmf-dist/tex/generic/ifxetex/ifxetex.sty
Package: ifxetex 2010/09/12 v0.6 Provides ifxetex conditional
)
\Gm@cnth=\count91
\Gm@cntv=\count92
\c@Gm@tempcnt=\count93
\Gm@bindingoffset=\dimen115
\Gm@wd@mp=\dimen116
\Gm@odd@mp=\dimen117
\Gm@even@mp=\dimen118
\Gm@layoutwidth=\dimen119
\Gm@layoutheight=\dimen120
\Gm@layouthoffset=\dimen121
\Gm@layoutvoffset=\dimen122
\Gm@dimlist=\toks18
)
(/usr/local/texlive/2015/texmf-dist/tex/latex/amsmath/amsmath.sty
Package: amsmath 2013/01/14 v2.14 AMS math features
\@mathmargin=\skip43

For additional information on amsmath, use the `?' option.
(/usr/local/texlive/2015/texmf-dist/tex/latex/amsmath/amstext.sty
Package: amstext 2000/06/29 v2.01

(/usr/local/texlive/2015/texmf-dist/tex/latex/amsmath/amsgen.sty
File: amsgen.sty 1999/11/30 v2.0
\@emptytoks=\toks19
\ex@=\dimen123
))
(/usr/local/texlive/2015/texmf-dist/tex/latex/amsmath/amsbsy.sty
Package: amsbsy 1999/11/29 v1.2d
\pmbraise@=\dimen124
)
(/usr/local/texlive/2015/texmf-dist/tex/latex/amsmath/amsopn.sty
Package: amsopn 1999/12/14 v2.01 operator names
)
\inf@bad=\count94
LaTeX Info: Redefining \frac on input line 210.
\uproot@=\count95
\leftroot@=\count96
LaTeX Info: Redefining \overline on input line 306.
\classnum@=\count97
\DOTSCASE@=\count98
LaTeX Info: Redefining \ldots on input line 378.
LaTeX Info: Redefining \dots on input line 381.
LaTeX Info: Redefining \cdots on input line 466.
\Mathstrutbox@=\box28
\strutbox@=\box29
\big@size=\dimen125
LaTeX Font Info:    Redeclaring font encoding OML on input line 566.
LaTeX Font Info:    Redeclaring font encoding OMS on input line 567.
\macc@depth=\count99
\c@MaxMatrixCols=\count100
\dotsspace@=\muskip10
\c@parentequation=\count101
\dspbrk@lvl=\count102
\tag@help=\toks20
\row@=\count103
\column@=\count104
\maxfields@=\count105
\andhelp@=\toks21
\eqnshift@=\dimen126
\alignsep@=\dimen127
\tagshift@=\dimen128
\tagwidth@=\dimen129
\totwidth@=\dimen130
\lineht@=\dimen131
\@envbody=\toks22
\multlinegap=\skip44
\multlinetaggap=\skip45
\mathdisplay@stack=\toks23
LaTeX Info: Redefining \[ on input line 2665.
LaTeX Info: Redefining \] on input line 2666.
)
(/usr/local/texlive/2015/texmf-dist/tex/latex/amsfonts/amssymb.sty
Package: amssymb 2013/01/14 v3.01 AMS font symbols

(/usr/local/texlive/2015/texmf-dist/tex/latex/amsfonts/amsfonts.sty
Package: amsfonts 2013/01/14 v3.01 Basic AMSFonts support
\symAMSa=\mathgroup4
\symAMSb=\mathgroup5
LaTeX Font Info:    Overwriting math alphabet `\mathfrak' in version `bold'
(Font)                  U/euf/m/n --> U/euf/b/n on input line 106.
))
(/usr/local/texlive/2015/texmf-dist/tex/latex/eurosym/eurosym.sty
Package: eurosym 1998/08/06 v1.1 European currency symbol ``Euro''
\@eurobox=\box30
)
(/usr/local/texlive/2015/texmf-dist/tex/latex/ucs/ucs.sty
Package: ucs 2013/05/11 v2.2 UCS: Unicode input support

(/usr/local/texlive/2015/texmf-dist/tex/latex/ucs/data/uni-global.def
File: uni-global.def 2013/05/13 UCS: Unicode global data
)
\uc@secondtry=\count106
\uc@combtoks=\toks24
\uc@combtoksb=\toks25
\uc@temptokena=\toks26
)
(/usr/local/texlive/2015/texmf-dist/tex/latex/base/inputenc.sty
Package: inputenc 2015/03/17 v1.2c Input encoding file
\inpenc@prehook=\toks27
\inpenc@posthook=\toks28

(/usr/local/texlive/2015/texmf-dist/tex/latex/ucs/utf8x.def
File: utf8x.def 2004/10/17 UCS: Input encoding UTF-8
))
(/usr/local/texlive/2015/texmf-dist/tex/latex/fancyvrb/fancyvrb.sty
Package: fancyvrb 2008/02/07

Style option: `fancyvrb' v2.7a, with DG/SPQR fixes, and firstline=lastline fix 
<2008/02/07> (tvz)
\FV@CodeLineNo=\count107
\FV@InFile=\read1
\FV@TabBox=\box31
\c@FancyVerbLine=\count108
\FV@StepNumber=\count109
\FV@OutFile=\write3
)
(/usr/local/texlive/2015/texmf-dist/tex/latex/oberdiek/grffile.sty
Package: grffile 2012/04/05 v1.16 Extended file name support for graphics (HO)

(/usr/local/texlive/2015/texmf-dist/tex/latex/oberdiek/kvoptions.sty
Package: kvoptions 2011/06/30 v3.11 Key value format for package options (HO)

(/usr/local/texlive/2015/texmf-dist/tex/generic/oberdiek/kvsetkeys.sty
Package: kvsetkeys 2012/04/25 v1.16 Key value parser (HO)

(/usr/local/texlive/2015/texmf-dist/tex/generic/oberdiek/etexcmds.sty
Package: etexcmds 2011/02/16 v1.5 Avoid name clashes with e-TeX commands (HO)

(/usr/local/texlive/2015/texmf-dist/tex/generic/oberdiek/ifluatex.sty
Package: ifluatex 2010/03/01 v1.3 Provides the ifluatex switch (HO)
Package ifluatex Info: LuaTeX not detected.
)
Package etexcmds Info: Could not find \expanded.
(etexcmds)             That can mean that you are not using pdfTeX 1.50 or
(etexcmds)             that some package has redefined \expanded.
(etexcmds)             In the latter case, load this package earlier.
)))
(/usr/local/texlive/2015/texmf-dist/tex/generic/oberdiek/pdftexcmds.sty
Package: pdftexcmds 2011/11/29 v0.20 Utility functions of pdfTeX for LuaTeX (HO
)
Package pdftexcmds Info: LuaTeX not detected.
Package pdftexcmds Info: \pdf@primitive is available.
Package pdftexcmds Info: \pdf@ifprimitive is available.
Package pdftexcmds Info: \pdfdraftmode found.
)
Package grffile Info: Option `multidot' is set to `true'.
Package grffile Info: Option `extendedchars' is set to `false'.
Package grffile Info: Option `space' is set to `true'.
Package grffile Info: \Gin@ii of package `graphicx' fixed on input line 486.
)
(/usr/local/texlive/2015/texmf-dist/tex/latex/hyperref/hyperref.sty
Package: hyperref 2012/11/06 v6.83m Hypertext links for LaTeX

(/usr/local/texlive/2015/texmf-dist/tex/generic/oberdiek/hobsub-hyperref.sty
Package: hobsub-hyperref 2012/05/28 v1.13 Bundle oberdiek, subset hyperref (HO)


(/usr/local/texlive/2015/texmf-dist/tex/generic/oberdiek/hobsub-generic.sty
Package: hobsub-generic 2012/05/28 v1.13 Bundle oberdiek, subset generic (HO)
Package: hobsub 2012/05/28 v1.13 Construct package bundles (HO)
Package hobsub Info: Skipping package `infwarerr' (already loaded).
Package hobsub Info: Skipping package `ltxcmds' (already loaded).
Package hobsub Info: Skipping package `ifluatex' (already loaded).
Package hobsub Info: Skipping package `ifvtex' (already loaded).
Package: intcalc 2007/09/27 v1.1 Expandable calculations with integers (HO)
Package hobsub Info: Skipping package `ifpdf' (already loaded).
Package hobsub Info: Skipping package `etexcmds' (already loaded).
Package hobsub Info: Skipping package `kvsetkeys' (already loaded).
Package: kvdefinekeys 2011/04/07 v1.3 Define keys (HO)
Package hobsub Info: Skipping package `pdftexcmds' (already loaded).
Package: pdfescape 2011/11/25 v1.13 Implements pdfTeX's escape features (HO)
Package: bigintcalc 2012/04/08 v1.3 Expandable calculations on big integers (HO
)
Package: bitset 2011/01/30 v1.1 Handle bit-vector datatype (HO)
Package: uniquecounter 2011/01/30 v1.2 Provide unlimited unique counter (HO)
)
Package hobsub Info: Skipping package `hobsub' (already loaded).
Package: letltxmacro 2010/09/02 v1.4 Let assignment for LaTeX macros (HO)
Package: hopatch 2012/05/28 v1.2 Wrapper for package hooks (HO)
Package: xcolor-patch 2011/01/30 xcolor patch
Package: atveryend 2011/06/30 v1.8 Hooks at the very end of document (HO)
Package atveryend Info: \enddocument detected (standard20110627).
Package: atbegshi 2011/10/05 v1.16 At begin shipout hook (HO)
Package: refcount 2011/10/16 v3.4 Data extraction from label references (HO)
Package: hycolor 2011/01/30 v1.7 Color options for hyperref/bookmark (HO)
)
(/usr/local/texlive/2015/texmf-dist/tex/latex/oberdiek/auxhook.sty
Package: auxhook 2011/03/04 v1.3 Hooks for auxiliary files (HO)
)
\@linkdim=\dimen132
\Hy@linkcounter=\count110
\Hy@pagecounter=\count111

(/usr/local/texlive/2015/texmf-dist/tex/latex/hyperref/pd1enc.def
File: pd1enc.def 2012/11/06 v6.83m Hyperref: PDFDocEncoding definition (HO)
)
\Hy@SavedSpaceFactor=\count112

(/usr/local/texlive/2015/texmf-dist/tex/latex/latexconfig/hyperref.cfg
File: hyperref.cfg 2002/06/06 v1.2 hyperref configuration of TeXLive
)
Package hyperref Info: Hyper figures OFF on input line 4443.
Package hyperref Info: Link nesting OFF on input line 4448.
Package hyperref Info: Hyper index ON on input line 4451.
Package hyperref Info: Plain pages OFF on input line 4458.
Package hyperref Info: Backreferencing OFF on input line 4463.
Package hyperref Info: Implicit mode ON; LaTeX internals redefined.
Package hyperref Info: Bookmarks ON on input line 4688.
\c@Hy@tempcnt=\count113

(/usr/local/texlive/2015/texmf-dist/tex/latex/url/url.sty
\Urlmuskip=\muskip11
Package: url 2013/09/16  ver 3.4  Verb mode for urls, etc.
)
LaTeX Info: Redefining \url on input line 5041.
\XeTeXLinkMargin=\dimen133
\Fld@menulength=\count114
\Field@Width=\dimen134
\Fld@charsize=\dimen135
Package hyperref Info: Hyper figures OFF on input line 6295.
Package hyperref Info: Link nesting OFF on input line 6300.
Package hyperref Info: Hyper index ON on input line 6303.
Package hyperref Info: backreferencing OFF on input line 6310.
Package hyperref Info: Link coloring OFF on input line 6315.
Package hyperref Info: Link coloring with OCG OFF on input line 6320.
Package hyperref Info: PDF/A mode OFF on input line 6325.
LaTeX Info: Redefining \ref on input line 6365.
LaTeX Info: Redefining \pageref on input line 6369.
\Hy@abspage=\count115
\c@Item=\count116
\c@Hfootnote=\count117
)

Package hyperref Message: Driver (autodetected): hpdftex.

(/usr/local/texlive/2015/texmf-dist/tex/latex/hyperref/hpdftex.def
File: hpdftex.def 2012/11/06 v6.83m Hyperref driver for pdfTeX
\Fld@listcount=\count118
\c@bookmark@seq@number=\count119

(/usr/local/texlive/2015/texmf-dist/tex/latex/oberdiek/rerunfilecheck.sty
Package: rerunfilecheck 2011/04/15 v1.7 Rerun checks for auxiliary files (HO)
Package uniquecounter Info: New unique counter `rerunfilecheck' on input line 2
82.
)
\Hy@SectionHShift=\skip46
)
(/usr/local/texlive/2015/texmf-dist/tex/latex/tools/longtable.sty
Package: longtable 2014/10/28 v4.11 Multi-page Table package (DPC)
\LTleft=\skip47
\LTright=\skip48
\LTpre=\skip49
\LTpost=\skip50
\LTchunksize=\count120
\LTcapwidth=\dimen136
\LT@head=\box32
\LT@firsthead=\box33
\LT@foot=\box34
\LT@lastfoot=\box35
\LT@cols=\count121
\LT@rows=\count122
\c@LT@tables=\count123
\c@LT@chunks=\count124
\LT@p@ftn=\toks29
)
(/usr/local/texlive/2015/texmf-dist/tex/latex/booktabs/booktabs.sty
Package: booktabs 2005/04/14 v1.61803 publication quality tables
\heavyrulewidth=\dimen137
\lightrulewidth=\dimen138
\cmidrulewidth=\dimen139
\belowrulesep=\dimen140
\belowbottomsep=\dimen141
\aboverulesep=\dimen142
\abovetopsep=\dimen143
\cmidrulesep=\dimen144
\cmidrulekern=\dimen145
\defaultaddspace=\dimen146
\@cmidla=\count125
\@cmidlb=\count126
\@aboverulesep=\dimen147
\@belowrulesep=\dimen148
\@thisruleclass=\count127
\@lastruleclass=\count128
\@thisrulewidth=\dimen149
)
Package color Info: Redefining color red on input line 51.
Package color Info: Redefining color green on input line 52.
Package color Info: Redefining color blue on input line 54.
Package color Info: Redefining color cyan on input line 56.
Package color Info: Redefining color lightgray on input line 57.
Package hyperref Info: Option `breaklinks' set `true' on input line 214.
Package hyperref Info: Option `colorlinks' set `true' on input line 214.

(./LAB_B1.aux)
\openout1 = `LAB_B1.aux'.

LaTeX Font Info:    Checking defaults for OML/cmm/m/it on input line 221.
LaTeX Font Info:    ... okay on input line 221.
LaTeX Font Info:    Checking defaults for T1/cmr/m/n on input line 221.
LaTeX Font Info:    ... okay on input line 221.
LaTeX Font Info:    Checking defaults for OT1/cmr/m/n on input line 221.
LaTeX Font Info:    ... okay on input line 221.
LaTeX Font Info:    Checking defaults for OMS/cmsy/m/n on input line 221.
LaTeX Font Info:    ... okay on input line 221.
LaTeX Font Info:    Checking defaults for OMX/cmex/m/n on input line 221.
LaTeX Font Info:    ... okay on input line 221.
LaTeX Font Info:    Checking defaults for U/cmr/m/n on input line 221.
LaTeX Font Info:    ... okay on input line 221.
LaTeX Font Info:    Checking defaults for PD1/pdf/m/n on input line 221.
LaTeX Font Info:    ... okay on input line 221.

(/usr/local/texlive/2015/texmf-dist/tex/context/base/supp-pdf.mkii
[Loading MPS to PDF converter (version 2006.09.02).]
\scratchcounter=\count129
\scratchdimen=\dimen150
\scratchbox=\box36
\nofMPsegments=\count130
\nofMParguments=\count131
\everyMPshowfont=\toks30
\MPscratchCnt=\count132
\MPscratchDim=\dimen151
\MPnumerator=\count133
\makeMPintoPDFobject=\count134
\everyMPtoPDFconversion=\toks31
) (/usr/local/texlive/2015/texmf-dist/tex/latex/oberdiek/epstopdf-base.sty
Package: epstopdf-base 2010/02/09 v2.5 Base part for package epstopdf

(/usr/local/texlive/2015/texmf-dist/tex/latex/oberdiek/grfext.sty
Package: grfext 2010/08/19 v1.1 Manage graphics extensions (HO)
)
Package grfext Info: Graphics extension search list:
(grfext)             [.png,.pdf,.jpg,.mps,.jpeg,.jbig2,.jb2,.PNG,.PDF,.JPG,.JPE
G,.JBIG2,.JB2,.eps]
(grfext)             \AppendGraphicsExtensions on input line 452.

(/usr/local/texlive/2015/texmf-dist/tex/latex/latexconfig/epstopdf-sys.cfg
File: epstopdf-sys.cfg 2010/07/13 v1.3 Configuration of (r)epstopdf for TeX Liv
e
))
*geometry* driver: auto-detecting
*geometry* detected driver: pdftex

Package geometry Warning: The marginal notes overrun the paper.
     Add 3.73001pt and more to the right margin.

*geometry* verbose mode - [ preamble ] result:
* driver: pdftex
* paper: <default>
* layout: <same size as paper>
* layoutoffset:(h,v)=(0.0pt,0.0pt)
* modes: 
* h-part:(L,W,R)=(72.26999pt, 469.75502pt, 72.26999pt)
* v-part:(T,H,B)=(72.26999pt, 650.43001pt, 72.26999pt)
* \paperwidth=614.295pt
* \paperheight=794.96999pt
* \textwidth=469.75502pt
* \textheight=650.43001pt
* \oddsidemargin=0.0pt
* \evensidemargin=0.0pt
* \topmargin=-37.0pt
* \headheight=12.0pt
* \headsep=25.0pt
* \topskip=10.0pt
* \footskip=30.0pt
* \marginparwidth=65.0pt
* \marginparsep=11.0pt
* \columnsep=10.0pt
* \skip\footins=9.0pt plus 4.0pt minus 2.0pt
* \hoffset=0.0pt
* \voffset=0.0pt
* \mag=1000
* \@twocolumnfalse
* \@twosidefalse
* \@mparswitchfalse
* \@reversemarginfalse
* (1in=72.27pt=25.4mm, 1cm=28.453pt)

(/usr/local/texlive/2015/texmf-dist/tex/latex/ucs/ucsencs.def
File: ucsencs.def 2011/01/21 Fixes to fontencodings LGR, T3
)
\AtBeginShipoutBox=\box37
Package hyperref Info: Link coloring ON on input line 221.

(/usr/local/texlive/2015/texmf-dist/tex/latex/hyperref/nameref.sty
Package: nameref 2012/10/27 v2.43 Cross-referencing by name of section

(/usr/local/texlive/2015/texmf-dist/tex/generic/oberdiek/gettitlestring.sty
Package: gettitlestring 2010/12/03 v1.4 Cleanup title references (HO)
)
\c@section@level=\count135
)
LaTeX Info: Redefining \ref on input line 221.
LaTeX Info: Redefining \pageref on input line 221.
LaTeX Info: Redefining \nameref on input line 221.

(./LAB_B1.out) (./LAB_B1.out)
\@outlinefile=\write4
\openout4 = `LAB_B1.out'.

LaTeX Font Info:    Try loading font information for U+msa on input line 225.

(/usr/local/texlive/2015/texmf-dist/tex/latex/amsfonts/umsa.fd
File: umsa.fd 2013/01/14 v3.01 AMS symbols A
)
LaTeX Font Info:    Try loading font information for U+msb on input line 225.

(/usr/local/texlive/2015/texmf-dist/tex/latex/amsfonts/umsb.fd
File: umsb.fd 2013/01/14 v3.01 AMS symbols B
)

LaTeX Warning: No \author given.

LaTeX Font Info:    Font shape `OT1/cmtt/bx/n' in size <10> not available
(Font)              Font shape `OT1/cmtt/m/n' tried instead on input line 240.
<LAB_B1_files/LAB_B1_5_0.png, id=16, 403.5075pt x 280.04625pt>
File: LAB_B1_files/LAB_B1_5_0.png Graphic file (type png)

<use LAB_B1_files/LAB_B1_5_0.png>
Package pdftex.def Info: LAB_B1_files/LAB_B1_5_0.png used on input line 293.
(pdftex.def)             Requested size: 403.50652pt x 280.04555pt.
 [1

{/usr/local/texlive/2015/texmf-var/fonts/map/pdftex/updmap/pdftex.map}]
Underfull \hbox (badness 10000) in paragraph at lines 295--296

 []

<LAB_B1_files/LAB_B1_7_0.png, id=32, 406.51875pt x 271.0125pt>
File: LAB_B1_files/LAB_B1_7_0.png Graphic file (type png)

<use LAB_B1_files/LAB_B1_7_0.png>
Package pdftex.def Info: LAB_B1_files/LAB_B1_7_0.png used on input line 320.
(pdftex.def)             Requested size: 406.51775pt x 271.01183pt.
 [2 <./LAB_B1_files/LAB_B1_5_0.png>]
Underfull \hbox (badness 10000) in paragraph at lines 322--323

 []

<LAB_B1_files/LAB_B1_11_0.png, id=41, 406.51875pt x 265.99374pt>
File: LAB_B1_files/LAB_B1_11_0.png Graphic file (type png)

<use LAB_B1_files/LAB_B1_11_0.png>
Package pdftex.def Info: LAB_B1_files/LAB_B1_11_0.png used on input line 359.
(pdftex.def)             Requested size: 406.51775pt x 265.99309pt.
 [3 <./LAB_B1_files/LAB_B1_7_0.png>]
Underfull \hbox (badness 10000) in paragraph at lines 361--362

 []

<LAB_B1_files/LAB_B1_12_0.png, id=48, 406.51875pt x 270.00874pt>
File: LAB_B1_files/LAB_B1_12_0.png Graphic file (type png)

<use LAB_B1_files/LAB_B1_12_0.png>
Package pdftex.def Info: LAB_B1_files/LAB_B1_12_0.png used on input line 373.
(pdftex.def)             Requested size: 406.51775pt x 270.00807pt.

Underfull \hbox (badness 10000) in paragraph at lines 375--376

 []

[4 <./LAB_B1_files/LAB_B1_11_0.png> <./LAB_B1_files/LAB_B1_12_0.png>]
<LAB_B1_files/LAB_B1_13_0.png, id=55, 406.51875pt x 270.00874pt>
File: LAB_B1_files/LAB_B1_13_0.png Graphic file (type png)

<use LAB_B1_files/LAB_B1_13_0.png>
Package pdftex.def Info: LAB_B1_files/LAB_B1_13_0.png used on input line 387.
(pdftex.def)             Requested size: 406.51775pt x 270.00807pt.

Underfull \hbox (badness 10000) in paragraph at lines 389--390

 []

<LAB_B1_files/LAB_B1_16_1.png, id=56, 391.4625pt x 270.00874pt>
File: LAB_B1_files/LAB_B1_16_1.png Graphic file (type png)

<use LAB_B1_files/LAB_B1_16_1.png>
Package pdftex.def Info: LAB_B1_files/LAB_B1_16_1.png used on input line 419.
(pdftex.def)             Requested size: 391.46153pt x 270.00807pt.
 [5 <./LAB_B1_files/LAB_B1_13_0.png>]
Underfull \hbox (badness 10000) in paragraph at lines 421--422

 []

<LAB_B1_files/LAB_B1_17_0.png, id=62, 425.59pt x 281.05pt>
File: LAB_B1_files/LAB_B1_17_0.png Graphic file (type png)

<use LAB_B1_files/LAB_B1_17_0.png>
Package pdftex.def Info: LAB_B1_files/LAB_B1_17_0.png used on input line 435.
(pdftex.def)             Requested size: 425.58894pt x 281.0493pt.
 [6 <./LAB_B1_files/LAB_B1_16_1.png>]
Underfull \hbox (badness 10000) in paragraph at lines 437--438

 []

<LAB_B1_files/LAB_B1_19_0.png, id=68, 403.5075pt x 270.00874pt>
File: LAB_B1_files/LAB_B1_19_0.png Graphic file (type png)

<use LAB_B1_files/LAB_B1_19_0.png>
Package pdftex.def Info: LAB_B1_files/LAB_B1_19_0.png used on input line 456.
(pdftex.def)             Requested size: 403.50652pt x 270.00807pt.
 [7 <./LAB_B1_files/LAB_B1_17_0.png>]
Underfull \hbox (badness 10000) in paragraph at lines 458--459

 []

<LAB_B1_files/LAB_B1_22_0.png, id=75, 399.4925pt x 270.00874pt>
File: LAB_B1_files/LAB_B1_22_0.png Graphic file (type png)

<use LAB_B1_files/LAB_B1_22_0.png>
Package pdftex.def Info: LAB_B1_files/LAB_B1_22_0.png used on input line 485.
(pdftex.def)             Requested size: 399.49152pt x 270.00807pt.
 [8 <./LAB_B1_files/LAB_B1_19_0.png>]
Underfull \hbox (badness 10000) in paragraph at lines 487--488

 []

<LAB_B1_files/LAB_B1_23_0.png, id=81, 396.48125pt x 270.00874pt>
File: LAB_B1_files/LAB_B1_23_0.png Graphic file (type png)

<use LAB_B1_files/LAB_B1_23_0.png>
Package pdftex.def Info: LAB_B1_files/LAB_B1_23_0.png used on input line 502.
(pdftex.def)             Requested size: 396.48027pt x 270.00807pt.
 [9 <./LAB_B1_files/LAB_B1_22_0.png>]
Underfull \hbox (badness 10000) in paragraph at lines 504--505

 []

<LAB_B1_files/LAB_B1_24_0.png, id=87, 413.545pt x 270.00874pt>
File: LAB_B1_files/LAB_B1_24_0.png Graphic file (type png)

<use LAB_B1_files/LAB_B1_24_0.png>
Package pdftex.def Info: LAB_B1_files/LAB_B1_24_0.png used on input line 518.
(pdftex.def)             Requested size: 413.54398pt x 270.00807pt.
 [10 <./LAB_B1_files/LAB_B1_23_0.png>]
Underfull \hbox (badness 10000) in paragraph at lines 520--521

 []

<LAB_B1_files/LAB_B1_27_0.png, id=93, 382.42876pt x 255.95625pt>
File: LAB_B1_files/LAB_B1_27_0.png Graphic file (type png)

<use LAB_B1_files/LAB_B1_27_0.png>
Package pdftex.def Info: LAB_B1_files/LAB_B1_27_0.png used on input line 545.
(pdftex.def)             Requested size: 382.42781pt x 255.95561pt.
 [11 <./LAB_B1_files/LAB_B1_24_0.png>]
Underfull \hbox (badness 10000) in paragraph at lines 547--548

 []

<LAB_B1_files/LAB_B1_30_0.png, id=99, 399.4925pt x 270.00874pt>
File: LAB_B1_files/LAB_B1_30_0.png Graphic file (type png)

<use LAB_B1_files/LAB_B1_30_0.png>
Package pdftex.def Info: LAB_B1_files/LAB_B1_30_0.png used on input line 573.
(pdftex.def)             Requested size: 399.49152pt x 270.00807pt.
 [12 <./LAB_B1_files/LAB_B1_27_0.png>]
Underfull \hbox (badness 10000) in paragraph at lines 575--576

 []

[13 <./LAB_B1_files/LAB_B1_30_0.png>]
./LAB_B1.tex:632: Undefined control sequence.
<argument> ...eff}) = \sigma T_{eff}^3 = \mathscr 
                                                  {F}^{+} = \pi \overline {I...
l.632 Ly \(\alpha\) line), why?}
                                
? 
./LAB_B1.tex:632: Undefined control sequence.
<argument> ...\overline {I^{+}}\) with \(\mathscr 
                                                  {F}^{+}\) the emergeng flu...
l.632 Ly \(\alpha\) line), why?}
                                
? 
<LAB_B1_files/LAB_B1_39_0.png, id=115, 395.4775pt x 280.04625pt>
File: LAB_B1_files/LAB_B1_39_0.png Graphic file (type png)

<use LAB_B1_files/LAB_B1_39_0.png>
Package pdftex.def Info: LAB_B1_files/LAB_B1_39_0.png used on input line 679.
(pdftex.def)             Requested size: 395.47653pt x 280.04555pt.
 [14]
Underfull \hbox (badness 10000) in paragraph at lines 681--682

 []

<LAB_B1_files/LAB_B1_40_0.png, id=121, 396.48125pt x 280.04625pt>
File: LAB_B1_files/LAB_B1_40_0.png Graphic file (type png)

<use LAB_B1_files/LAB_B1_40_0.png>
Package pdftex.def Info: LAB_B1_files/LAB_B1_40_0.png used on input line 693.
(pdftex.def)             Requested size: 396.48027pt x 280.04555pt.
 [15 <./LAB_B1_files/LAB_B1_39_0.png>]
Underfull \hbox (badness 10000) in paragraph at lines 695--696

 []

<LAB_B1_files/LAB_B1_41_0.png, id=127, 393.47pt x 280.04625pt>
File: LAB_B1_files/LAB_B1_41_0.png Graphic file (type png)

<use LAB_B1_files/LAB_B1_41_0.png>
Package pdftex.def Info: LAB_B1_files/LAB_B1_41_0.png used on input line 707.
(pdftex.def)             Requested size: 393.46902pt x 280.04555pt.
 [16 <./LAB_B1_files/LAB_B1_40_0.png>]
Underfull \hbox (badness 10000) in paragraph at lines 709--710

 []

<LAB_B1_files/LAB_B1_42_0.png, id=133, 400.49625pt x 280.04625pt>
File: LAB_B1_files/LAB_B1_42_0.png Graphic file (type png)

<use LAB_B1_files/LAB_B1_42_0.png>
Package pdftex.def Info: LAB_B1_files/LAB_B1_42_0.png used on input line 721.
(pdftex.def)             Requested size: 400.49527pt x 280.04555pt.
 [17 <./LAB_B1_files/LAB_B1_41_0.png>]
Underfull \hbox (badness 10000) in paragraph at lines 723--724

 []

<LAB_B1_files/LAB_B1_44_0.png, id=139, 396.48125pt x 280.04625pt>
File: LAB_B1_files/LAB_B1_44_0.png Graphic file (type png)

<use LAB_B1_files/LAB_B1_44_0.png>
Package pdftex.def Info: LAB_B1_files/LAB_B1_44_0.png used on input line 744.
(pdftex.def)             Requested size: 396.48027pt x 280.04555pt.
 [18 <./LAB_B1_files/LAB_B1_42_0.png>]
Underfull \hbox (badness 10000) in paragraph at lines 746--747

 []

<LAB_B1_files/LAB_B1_48_0.png, id=145, 385.44pt x 280.04625pt>
File: LAB_B1_files/LAB_B1_48_0.png Graphic file (type png)

<use LAB_B1_files/LAB_B1_48_0.png>
Package pdftex.def Info: LAB_B1_files/LAB_B1_48_0.png used on input line 775.
(pdftex.def)             Requested size: 385.43906pt x 280.04555pt.
 [19 <./LAB_B1_files/LAB_B1_44_0.png>]
Underfull \hbox (badness 10000) in paragraph at lines 777--778

 []

<LAB_B1_files/LAB_B1_51_0.png, id=152, 400.49625pt x 280.04625pt>
File: LAB_B1_files/LAB_B1_51_0.png Graphic file (type png)

<use LAB_B1_files/LAB_B1_51_0.png>
Package pdftex.def Info: LAB_B1_files/LAB_B1_51_0.png used on input line 804.
(pdftex.def)             Requested size: 400.49527pt x 280.04555pt.
 [20 <./LAB_B1_files/LAB_B1_48_0.png>]
Underfull \hbox (badness 10000) in paragraph at lines 806--807

 []

[21 <./LAB_B1_files/LAB_B1_51_0.png>]
(/usr/local/texlive/2015/texmf-dist/tex/latex/ucs/data/uni-34.def
File: uni-34.def 2013/05/13 UCS: Unicode data U+2200..U+22FF
)
./LAB_B1.tex:875: Undefined control sequence.
l.875 \[ \mathscr
                 {R} = \frac{4\pi R^2}{4\pi D^2} = \mathscr{F}^+_{\odot} \]
? 
./LAB_B1.tex:875: Undefined control sequence.
l.875 ...R} = \frac{4\pi R^2}{4\pi D^2} = \mathscr
                                                  {F}^+_{\odot} \]
? 
./LAB_B1.tex:879: Undefined control sequence.
<argument> with \(\mathscr 
                           {F}^+_{\odot } = \pi B(T^{\odot }_{eff})\) the em...
l.879 ... the sunshine photon density at earth is}
                                                  
? 
Package atveryend Info: Empty hook `BeforeClearDocument' on input line 920.
[22]
Package atveryend Info: Empty hook `AfterLastShipout' on input line 920.
 (./LAB_B1.aux)
Package atveryend Info: Executing hook `AtVeryEndDocument' on input line 920.
Package atveryend Info: Executing hook `AtEndAfterFileList' on input line 920.


Package rerunfilecheck Warning: File `LAB_B1.out' has changed.
(rerunfilecheck)                Rerun to get outlines right
(rerunfilecheck)                or use package `bookmark'.

Package rerunfilecheck Info: Checksums for `LAB_B1.out':
(rerunfilecheck)             Before: 6B88FAEB4A3A21BAF90551B5062A2FC5;228
(rerunfilecheck)             After:  D41D8CD98F00B204E9800998ECF8427E;0.

LaTeX Warning: Label(s) may have changed. Rerun to get cross-references right.

Package atveryend Info: Empty hook `AtVeryVeryEnd' on input line 920.
 ) 
Here is how much of TeX's memory you used:
 8870 strings out of 493089
 131012 string characters out of 6134842
 231059 words of memory out of 5000000
 12172 multiletter control sequences out of 15000+600000
 11839 words of font info for 47 fonts, out of 8000000 for 9000
 1141 hyphenation exceptions out of 8191
 36i,6n,35p,488b,504s stack positions out of 5000i,500n,10000p,200000b,80000s
pdfTeX warning (dest): name{subsection.0.3} has been referenced but does not 
exist, replaced by a fixed one

pdfTeX warning (dest): name{subsection.0.2} has been referenced but does not ex
ist, replaced by a fixed one

pdfTeX warning (dest): name{subsection.0.1} has been referenced but does not ex
ist, replaced by a fixed one

</usr/local/texlive/2015/texmf-dist/fonts/type1/public/amsfonts/cm/cmbx10.pfb><
/usr/local/texlive/2015/texmf-dist/fonts/type1/public/amsfonts/cm/cmbx12.pfb></
usr/local/texlive/2015/texmf-dist/fonts/type1/public/amsfonts/cm/cmex10.pfb></u
sr/local/texlive/2015/texmf-dist/fonts/type1/public/amsfonts/cm/cmitt10.pfb></u
sr/local/texlive/2015/texmf-dist/fonts/type1/public/amsfonts/cm/cmmi10.pfb></us
r/local/texlive/2015/texmf-dist/fonts/type1/public/amsfonts/cm/cmmi7.pfb></usr/
local/texlive/2015/texmf-dist/fonts/type1/public/amsfonts/cm/cmr10.pfb></usr/lo
cal/texlive/2015/texmf-dist/fonts/type1/public/amsfonts/cm/cmr12.pfb></usr/loca
l/texlive/2015/texmf-dist/fonts/type1/public/amsfonts/cm/cmr17.pfb></usr/local/
texlive/2015/texmf-dist/fonts/type1/public/amsfonts/cm/cmr7.pfb></usr/local/tex
live/2015/texmf-dist/fonts/type1/public/amsfonts/cm/cmsy10.pfb></usr/local/texl
ive/2015/texmf-dist/fonts/type1/public/amsfonts/cm/cmsy5.pfb></usr/local/texliv
e/2015/texmf-dist/fonts/type1/public/amsfonts/cm/cmsy7.pfb></usr/local/texlive/
2015/texmf-dist/fonts/type1/public/amsfonts/cm/cmtt10.pfb>
Output written on LAB_B1.pdf (22 pages, 403857 bytes).
PDF statistics:
 221 PDF objects out of 1000 (max. 8388607)
 141 compressed objects within 2 object streams
 30 named destinations out of 1000 (max. 500000)
 125 words of extra memory for PDF output out of 10000 (max. 10000000)

